<?xml version="1.0" encoding="UTF-8"?>
<!-- Generated by org.testng.reporters.JUnitReportReporter -->
<testsuite skipped="0" hostname="DESKTOP-NU3CETR" name="first.OrangeHrmAssignLeave" tests="1" failures="0" timestamp="2021-08-12T22:05:16 IST" time="14.116" errors="0">
  <testcase name="assignLeave" time="14.116" classname="first.OrangeHrmAssignLeave"/>
  <system-out/>
</testsuite> <!-- first.OrangeHrmAssignLeave -->
