<?xml version="1.0" encoding="UTF-8"?>
<!-- Generated by org.testng.reporters.JUnitReportReporter -->
<testsuite skipped="0" hostname="DESKTOP-NU3CETR" name="first.OrangeHRm" tests="1" failures="0" timestamp="2021-08-12T22:19:42 IST" time="10.316" errors="0">
  <testcase name="loginTest" time="10.316" classname="first.OrangeHRm"/>
  <system-out/>
</testsuite> <!-- first.OrangeHRm -->
