<?xml version="1.0" encoding="UTF-8"?>
<!-- Generated by org.testng.reporters.JUnitReportReporter -->
<testsuite skipped="0" hostname="DESKTOP-NU3CETR" name="first.OrangeHrmAssignLeave" tests="1" failures="0" timestamp="2021-08-14T21:30:57 IST" time="12.014" errors="0">
  <testcase name="assignLeave" time="12.014" classname="first.OrangeHrmAssignLeave"/>
  <system-out/>
</testsuite> <!-- first.OrangeHrmAssignLeave -->
